INFO: [HLS 200-10] Running 'E:/Xilinx/Vivado/2019.2/bin/unwrapped/win64.o/vivado_hls.exe'
INFO: [HLS 200-10] For user 'Administrator' on host 'qh-20120726jnrv' (Windows NT_amd64 version 6.1) on Thu Oct 01 23:15:15 +0800 2020
INFO: [HLS 200-10] In directory 'D:/github/xfopencv/HLS_Use_Model/yuv_auto_control'
Sourcing Tcl script 'D:/github/xfopencv/HLS_Use_Model/yuv_auto_control/yuv_auto/solution1/csynth.tcl'
INFO: [HLS 200-10] Opening project 'D:/github/xfopencv/HLS_Use_Model/yuv_auto_control/yuv_auto'.
INFO: [HLS 200-10] Adding design file 'yuv_auto_control.cpp' to the project
INFO: [HLS 200-10] Adding test bench file 'yuv_auto_control.cpp' to the project
INFO: [HLS 200-10] Opening solution 'D:/github/xfopencv/HLS_Use_Model/yuv_auto_control/yuv_auto/solution1'.
INFO: [SYN 201-201] Setting up clock 'default' with a period of 10ns.
INFO: [HLS 200-10] Setting target device to 'xczu7ev-ffvc1156-2-e'
INFO: [SYN 201-201] Setting up clock 'default' with a period of 10ns.
INFO: [SCHED 204-61] Option 'relax_ii_for_timing' is enabled, will increase II to preserve clock frequency constraints.
INFO: [HLS 200-10] Analyzing design file 'yuv_auto_control.cpp' ... 
WARNING: [HLS 200-40] yuv_auto_control.cpp:4:9: fatal error: 'opencv2/opencv.hpp' file not found
#include<opencv2/opencv.hpp>
        ^
1 error generated.
C preprocessor failed.
    while executing
"source D:/github/xfopencv/HLS_Use_Model/yuv_auto_control/yuv_auto/solution1/csynth.tcl"
    invoked from within
"hls::main D:/github/xfopencv/HLS_Use_Model/yuv_auto_control/yuv_auto/solution1/csynth.tcl"
    ("uplevel" body line 1)
    invoked from within
"uplevel 1 hls::main {*}$args"
    (procedure "hls_proc" line 5)
    invoked from within
"hls_proc $argv"
